<?xml version="1.0" encoding="UTF-8"?>
<testng-results ignored="0" total="3" passed="3" failed="0" skipped="0">
  <reporter-output>
  </reporter-output>
  <suite started-at="2020-11-11T16:56:29 IST" name="Default suite" finished-at="2020-11-11T16:56:33 IST" duration-ms="4044">
    <groups>
    </groups>
    <test started-at="2020-11-11T16:56:29 IST" name="Default test" finished-at="2020-11-11T16:56:33 IST" duration-ms="4044">
      <class name="com.maresk.testcases.TC001">
        <test-method is-config="true" signature="initialSetup()[pri:0, instance:com.maresk.testcases.TC001@3967e60c]" started-at="2020-11-11T16:56:29 IST" name="initialSetup" finished-at="2020-11-11T16:56:29 IST" duration-ms="96" status="PASS">
          <reporter-output>
          </reporter-output>
        </test-method> <!-- initialSetup -->
        <test-method is-config="true" signature="SpacexConfig()[pri:0, instance:com.maresk.testcases.TC001@3967e60c]" started-at="2020-11-11T16:56:29 IST" name="SpacexConfig" finished-at="2020-11-11T16:56:32 IST" duration-ms="2969" status="PASS">
          <reporter-output>
          </reporter-output>
        </test-method> <!-- SpacexConfig -->
        <test-method signature="ValidateStatus()[pri:1, instance:com.maresk.testcases.TC001@3967e60c]" started-at="2020-11-11T16:56:32 IST" name="ValidateStatus" finished-at="2020-11-11T16:56:32 IST" duration-ms="11" status="PASS">
          <reporter-output>
          </reporter-output>
        </test-method> <!-- ValidateStatus -->
        <test-method signature="ValidateResponce()[pri:2, instance:com.maresk.testcases.TC001@3967e60c]" started-at="2020-11-11T16:56:32 IST" name="ValidateResponce" finished-at="2020-11-11T16:56:32 IST" duration-ms="48" status="PASS">
          <reporter-output>
          </reporter-output>
        </test-method> <!-- ValidateResponce -->
        <test-method signature="Validateschema()[pri:3, instance:com.maresk.testcases.TC001@3967e60c]" started-at="2020-11-11T16:56:32 IST" name="Validateschema" finished-at="2020-11-11T16:56:33 IST" duration-ms="968" status="PASS">
          <reporter-output>
          </reporter-output>
        </test-method> <!-- Validateschema -->
      </class> <!-- com.maresk.testcases.TC001 -->
    </test> <!-- Default test -->
  </suite> <!-- Default suite -->
</testng-results>
