<?xml version="1.0" encoding="UTF-8"?>
<!-- Generated by org.testng.reporters.JUnitXMLReporter -->
<testsuite ignored="0" hostname="QATest-1721815" failures="0" tests="3" name="Default test" time="4.044" errors="0" timestamp="2020-11-11T16:56:33 IST">
  <testcase classname="com.maresk.testcases.TC001" name="ValidateStatus" time="0.011"/>
  <testcase classname="com.maresk.testcases.TC001" name="ValidateResponce" time="0.048"/>
  <testcase classname="com.maresk.testcases.TC001" name="Validateschema" time="0.968"/>
</testsuite> <!-- Default test -->
